2022-02-17 08:12:02 Task: Execution Check [773260769] [0] 
2022-02-17 08:12:02 Task: Execution Pass [773260769] [0] 
2022-02-17 08:12:02 Task: Task Execution Check [773260769] : Job Queue
2022-02-17 08:12:02 Task: Task Execution Pass [773260769] : Job Queue
2022-02-17 08:12:02 Task: Task Execution Complete [773260769] : Job Queue
2022-02-17 08:12:02 Task: Task Execution Check [773260769] : Subscription
2022-02-17 08:12:02 Task: Task Execution Pass [773260769] : Subscription
2022-02-17 08:12:02 Task: Task Execution Complete [773260769] : Subscription
2022-02-17 08:12:02 Task: Task Execution Check [773260769] : Background Mailer
2022-02-17 08:12:02 Task: Task Execution Pass [773260769] : Background Mailer
2022-02-17 08:12:02 Task: Task Execution Complete [773260769] : Background Mailer
2022-02-17 08:12:02 Task: Task Execution Check [773260769] : Sitemap generate
2022-02-17 08:12:02 Task: Task Execution Pass [773260769] : Sitemap generate
2022-02-17 08:12:02 Task: Task Execution Complete [773260769] : Sitemap generate
2022-02-17 08:12:02 Task: Task Execution Check [773260769] : Message notify
2022-02-17 08:12:02 Task: Task Execution Pass [773260769] : Message notify
2022-02-17 08:12:02 Task: Task Execution Complete [773260769] : Message notify
2022-02-17 08:12:02 Task: Execution Complete [773260769] [0]
2022-02-17 08:12:08 Task: Execution Check [1782765312] [0] 
2022-02-17 08:12:08 Task: Execution Pass [1782765312] [0] 
2022-02-17 08:12:08 Task: Task Execution Check [1782765312] : Job Queue
2022-02-17 08:12:08 Task: Task Execution Pass [1782765312] : Job Queue
2022-02-17 08:12:08 Task: Task Execution Complete [1782765312] : Job Queue
2022-02-17 08:12:08 Task: Task Execution Check [1782765312] : Sitemap generate
2022-02-17 08:12:08 Task: Task Execution Pass [1782765312] : Sitemap generate
2022-02-17 08:12:08 Task: Task Execution Complete [1782765312] : Sitemap generate
2022-02-17 08:12:08 Task: Execution Complete [1782765312] [0]
2022-02-17 08:16:44 Task: Execution Check [908182341] [0] 
2022-02-17 08:16:44 Task: Execution Pass [908182341] [0] 
2022-02-17 08:16:44 Task: Task Execution Check [908182341] : Job Queue
2022-02-17 08:16:44 Task: Task Execution Pass [908182341] : Job Queue
2022-02-17 08:16:44 Task: Task Execution Complete [908182341] : Job Queue
2022-02-17 08:16:44 Task: Task Execution Check [908182341] : Background Mailer
2022-02-17 08:16:44 Task: Task Execution Pass [908182341] : Background Mailer
2022-02-17 08:16:44 Task: Task Execution Complete [908182341] : Background Mailer
2022-02-17 08:16:44 Task: Task Execution Check [908182341] : Sitemap generate
2022-02-17 08:16:44 Task: Task Execution Pass [908182341] : Sitemap generate
2022-02-17 08:16:44 Task: Task Execution Complete [908182341] : Sitemap generate
2022-02-17 08:16:44 Task: Task Execution Check [908182341] : Message notify
2022-02-17 08:16:44 Task: Task Execution Pass [908182341] : Message notify
2022-02-17 08:16:44 Task: Task Execution Complete [908182341] : Message notify
2022-02-17 08:16:44 Task: Execution Complete [908182341] [0]
2022-02-17 08:16:46 Task: Execution Check [1018299797] [0] 
2022-02-17 08:16:46 Task: Execution Pass [1018299797] [0] 
2022-02-17 08:16:46 Task: Execution Complete [1018299797] [0]
2022-02-17 08:19:33 Task: Execution Check [1246967401] [0] 
2022-02-17 08:19:33 Task: Execution Pass [1246967401] [0] 
2022-02-17 08:19:33 Task: Task Execution Check [1246967401] : Job Queue
2022-02-17 08:19:33 Task: Task Execution Pass [1246967401] : Job Queue
2022-02-17 08:19:33 Task: Task Execution Complete [1246967401] : Job Queue
2022-02-17 08:19:33 Task: Task Execution Check [1246967401] : Background Mailer
2022-02-17 08:19:33 Task: Task Execution Pass [1246967401] : Background Mailer
2022-02-17 08:19:33 Task: Task Execution Complete [1246967401] : Background Mailer
2022-02-17 08:19:33 Task: Task Execution Check [1246967401] : Sitemap generate
2022-02-17 08:19:33 Task: Task Execution Pass [1246967401] : Sitemap generate
2022-02-17 08:19:33 Task: Task Execution Complete [1246967401] : Sitemap generate
2022-02-17 08:19:33 Task: Task Execution Check [1246967401] : Message notify
2022-02-17 08:19:33 Task: Task Execution Pass [1246967401] : Message notify
2022-02-17 08:19:33 Task: Task Execution Complete [1246967401] : Message notify
2022-02-17 08:19:33 Task: Execution Complete [1246967401] [0]
